running develop
running egg_info
creating tunnel_inspection_sim.egg-info
writing tunnel_inspection_sim.egg-info/PKG-INFO
writing dependency_links to tunnel_inspection_sim.egg-info/dependency_links.txt
writing entry points to tunnel_inspection_sim.egg-info/entry_points.txt
writing requirements to tunnel_inspection_sim.egg-info/requires.txt
writing top-level names to tunnel_inspection_sim.egg-info/top_level.txt
writing manifest file 'tunnel_inspection_sim.egg-info/SOURCES.txt'
reading manifest file 'tunnel_inspection_sim.egg-info/SOURCES.txt'
writing manifest file 'tunnel_inspection_sim.egg-info/SOURCES.txt'
running build_ext
Creating /home/jungyeon/ros2_ws/install/tunnel_inspection_sim/lib/python3.10/site-packages/tunnel-inspection-sim.egg-link (link to .)

Installed /home/jungyeon/ros2_ws/build/tunnel_inspection_sim
running symlink_data
creating /home/jungyeon/ros2_ws/install/tunnel_inspection_sim/share/ament_index
creating /home/jungyeon/ros2_ws/install/tunnel_inspection_sim/share/ament_index/resource_index
creating /home/jungyeon/ros2_ws/install/tunnel_inspection_sim/share/ament_index/resource_index/packages
symbolically linking /home/jungyeon/ros2_ws/build/tunnel_inspection_sim/resource/tunnel_inspection_sim -> /home/jungyeon/ros2_ws/install/tunnel_inspection_sim/share/ament_index/resource_index/packages
symbolically linking /home/jungyeon/ros2_ws/build/tunnel_inspection_sim/package.xml -> /home/jungyeon/ros2_ws/install/tunnel_inspection_sim/share/tunnel_inspection_sim
