/home/jungyeon/ros2_ws/install/tunnel_inspection_sim/lib/python3.10/site-packages/tunnel_inspection_sim/__init__.py
/home/jungyeon/ros2_ws/install/tunnel_inspection_sim/lib/python3.10/site-packages/tunnel_inspection_sim/__pycache__/__init__.cpython-310.pyc
/home/jungyeon/ros2_ws/install/tunnel_inspection_sim/share/ament_index/resource_index/packages/tunnel_inspection_sim
/home/jungyeon/ros2_ws/install/tunnel_inspection_sim/share/tunnel_inspection_sim/package.xml
/home/jungyeon/ros2_ws/install/tunnel_inspection_sim/share/tunnel_inspection_sim/models/tunnel/crack_007.png
/home/jungyeon/ros2_ws/install/tunnel_inspection_sim/share/tunnel_inspection_sim/models/tunnel/crack_005.png
/home/jungyeon/ros2_ws/install/tunnel_inspection_sim/share/tunnel_inspection_sim/models/tunnel/crack_009.png
/home/jungyeon/ros2_ws/install/tunnel_inspection_sim/share/tunnel_inspection_sim/models/tunnel/crack_008.png
/home/jungyeon/ros2_ws/install/tunnel_inspection_sim/share/tunnel_inspection_sim/models/tunnel/crack_002.png
/home/jungyeon/ros2_ws/install/tunnel_inspection_sim/share/tunnel_inspection_sim/models/tunnel/crack_004.png
/home/jungyeon/ros2_ws/install/tunnel_inspection_sim/share/tunnel_inspection_sim/models/tunnel/crack_006.png
/home/jungyeon/ros2_ws/install/tunnel_inspection_sim/share/tunnel_inspection_sim/models/tunnel/tunnel.bin
/home/jungyeon/ros2_ws/install/tunnel_inspection_sim/share/tunnel_inspection_sim/models/tunnel/tunnel.mtl
/home/jungyeon/ros2_ws/install/tunnel_inspection_sim/share/tunnel_inspection_sim/models/tunnel/crack_001.png
/home/jungyeon/ros2_ws/install/tunnel_inspection_sim/share/tunnel_inspection_sim/models/tunnel/tunnel.gltf
/home/jungyeon/ros2_ws/install/tunnel_inspection_sim/share/tunnel_inspection_sim/models/tunnel/model.config
/home/jungyeon/ros2_ws/install/tunnel_inspection_sim/share/tunnel_inspection_sim/models/tunnel/crack_010.png
/home/jungyeon/ros2_ws/install/tunnel_inspection_sim/share/tunnel_inspection_sim/models/tunnel/crack_003.png
/home/jungyeon/ros2_ws/install/tunnel_inspection_sim/share/tunnel_inspection_sim/models/tunnel/model.sdf
/home/jungyeon/ros2_ws/install/tunnel_inspection_sim/share/tunnel_inspection_sim/models/tunnel/tunnel.obj
/home/jungyeon/ros2_ws/install/tunnel_inspection_sim/share/tunnel_inspection_sim/models/tunnel/cracks/crack_ground_truth.csv
/home/jungyeon/ros2_ws/install/tunnel_inspection_sim/share/tunnel_inspection_sim/worlds/tunnel_world.sdf
/home/jungyeon/ros2_ws/install/tunnel_inspection_sim/lib/python3.10/site-packages/tunnel_inspection_sim-0.0.0-py3.10.egg-info/top_level.txt
/home/jungyeon/ros2_ws/install/tunnel_inspection_sim/lib/python3.10/site-packages/tunnel_inspection_sim-0.0.0-py3.10.egg-info/PKG-INFO
/home/jungyeon/ros2_ws/install/tunnel_inspection_sim/lib/python3.10/site-packages/tunnel_inspection_sim-0.0.0-py3.10.egg-info/zip-safe
/home/jungyeon/ros2_ws/install/tunnel_inspection_sim/lib/python3.10/site-packages/tunnel_inspection_sim-0.0.0-py3.10.egg-info/requires.txt
/home/jungyeon/ros2_ws/install/tunnel_inspection_sim/lib/python3.10/site-packages/tunnel_inspection_sim-0.0.0-py3.10.egg-info/entry_points.txt
/home/jungyeon/ros2_ws/install/tunnel_inspection_sim/lib/python3.10/site-packages/tunnel_inspection_sim-0.0.0-py3.10.egg-info/dependency_links.txt
/home/jungyeon/ros2_ws/install/tunnel_inspection_sim/lib/python3.10/site-packages/tunnel_inspection_sim-0.0.0-py3.10.egg-info/SOURCES.txt
