running egg_info
writing ../../build/tunnel_inspection_sim/tunnel_inspection_sim.egg-info/PKG-INFO
writing dependency_links to ../../build/tunnel_inspection_sim/tunnel_inspection_sim.egg-info/dependency_links.txt
writing entry points to ../../build/tunnel_inspection_sim/tunnel_inspection_sim.egg-info/entry_points.txt
writing requirements to ../../build/tunnel_inspection_sim/tunnel_inspection_sim.egg-info/requires.txt
writing top-level names to ../../build/tunnel_inspection_sim/tunnel_inspection_sim.egg-info/top_level.txt
reading manifest file '../../build/tunnel_inspection_sim/tunnel_inspection_sim.egg-info/SOURCES.txt'
writing manifest file '../../build/tunnel_inspection_sim/tunnel_inspection_sim.egg-info/SOURCES.txt'
running build
running build_py
running install
running install_lib
running install_data
copying package.xml -> /home/jungyeon/ros2_ws/install/tunnel_inspection_sim/share/tunnel_inspection_sim
copying models/tunnel/model.sdf -> /home/jungyeon/ros2_ws/install/tunnel_inspection_sim/share/tunnel_inspection_sim/models/tunnel
running install_egg_info
removing '/home/jungyeon/ros2_ws/install/tunnel_inspection_sim/lib/python3.10/site-packages/tunnel_inspection_sim-0.0.0-py3.10.egg-info' (and everything under it)
Copying ../../build/tunnel_inspection_sim/tunnel_inspection_sim.egg-info to /home/jungyeon/ros2_ws/install/tunnel_inspection_sim/lib/python3.10/site-packages/tunnel_inspection_sim-0.0.0-py3.10.egg-info
running install_scripts
writing list of installed files to '/home/jungyeon/ros2_ws/build/tunnel_inspection_sim/install.log'
