[1.108s] Invoking command in '/home/jungyeon/ros2_ws/src/tunnel_inspection_sim': PYTHONPATH=/home/jungyeon/ros2_ws/build/tunnel_inspection_sim/prefix_override:/usr/lib/python3/dist-packages/colcon_core/task/python/colcon_distutils_commands:/home/jungyeon/ros2_ws/install/tunnel_inspection_sim/lib/python3.10/site-packages:${PYTHONPATH} /usr/bin/python3 -W ignore:setup.py install is deprecated -W ignore:easy_install command is deprecated setup.py egg_info --egg-base ../../build/tunnel_inspection_sim build --build-base /home/jungyeon/ros2_ws/build/tunnel_inspection_sim/build install --record /home/jungyeon/ros2_ws/build/tunnel_inspection_sim/install.log --single-version-externally-managed install_data
[1.452s] running egg_info
[1.453s] writing ../../build/tunnel_inspection_sim/tunnel_inspection_sim.egg-info/PKG-INFO
[1.454s] writing dependency_links to ../../build/tunnel_inspection_sim/tunnel_inspection_sim.egg-info/dependency_links.txt
[1.455s] writing entry points to ../../build/tunnel_inspection_sim/tunnel_inspection_sim.egg-info/entry_points.txt
[1.455s] writing requirements to ../../build/tunnel_inspection_sim/tunnel_inspection_sim.egg-info/requires.txt
[1.455s] writing top-level names to ../../build/tunnel_inspection_sim/tunnel_inspection_sim.egg-info/top_level.txt
[1.458s] reading manifest file '../../build/tunnel_inspection_sim/tunnel_inspection_sim.egg-info/SOURCES.txt'
[1.460s] writing manifest file '../../build/tunnel_inspection_sim/tunnel_inspection_sim.egg-info/SOURCES.txt'
[1.460s] running build
[1.461s] running build_py
[1.462s] running install
[1.462s] running install_lib
[1.464s] running install_data
[1.464s] copying package.xml -> /home/jungyeon/ros2_ws/install/tunnel_inspection_sim/share/tunnel_inspection_sim
[1.466s] copying models/tunnel/model.sdf -> /home/jungyeon/ros2_ws/install/tunnel_inspection_sim/share/tunnel_inspection_sim/models/tunnel
[1.467s] running install_egg_info
[1.470s] removing '/home/jungyeon/ros2_ws/install/tunnel_inspection_sim/lib/python3.10/site-packages/tunnel_inspection_sim-0.0.0-py3.10.egg-info' (and everything under it)
[1.474s] Copying ../../build/tunnel_inspection_sim/tunnel_inspection_sim.egg-info to /home/jungyeon/ros2_ws/install/tunnel_inspection_sim/lib/python3.10/site-packages/tunnel_inspection_sim-0.0.0-py3.10.egg-info
[1.477s] running install_scripts
[1.511s] writing list of installed files to '/home/jungyeon/ros2_ws/build/tunnel_inspection_sim/install.log'
[1.550s] Invoked command in '/home/jungyeon/ros2_ws/src/tunnel_inspection_sim' returned '0': PYTHONPATH=/home/jungyeon/ros2_ws/build/tunnel_inspection_sim/prefix_override:/usr/lib/python3/dist-packages/colcon_core/task/python/colcon_distutils_commands:/home/jungyeon/ros2_ws/install/tunnel_inspection_sim/lib/python3.10/site-packages:${PYTHONPATH} /usr/bin/python3 -W ignore:setup.py install is deprecated -W ignore:easy_install command is deprecated setup.py egg_info --egg-base ../../build/tunnel_inspection_sim build --build-base /home/jungyeon/ros2_ws/build/tunnel_inspection_sim/build install --record /home/jungyeon/ros2_ws/build/tunnel_inspection_sim/install.log --single-version-externally-managed install_data
