running egg_info
creating ../../build/tunnel_inspection_sim/tunnel_inspection_sim.egg-info
writing ../../build/tunnel_inspection_sim/tunnel_inspection_sim.egg-info/PKG-INFO
writing dependency_links to ../../build/tunnel_inspection_sim/tunnel_inspection_sim.egg-info/dependency_links.txt
writing entry points to ../../build/tunnel_inspection_sim/tunnel_inspection_sim.egg-info/entry_points.txt
writing requirements to ../../build/tunnel_inspection_sim/tunnel_inspection_sim.egg-info/requires.txt
writing top-level names to ../../build/tunnel_inspection_sim/tunnel_inspection_sim.egg-info/top_level.txt
writing manifest file '../../build/tunnel_inspection_sim/tunnel_inspection_sim.egg-info/SOURCES.txt'
reading manifest file '../../build/tunnel_inspection_sim/tunnel_inspection_sim.egg-info/SOURCES.txt'
writing manifest file '../../build/tunnel_inspection_sim/tunnel_inspection_sim.egg-info/SOURCES.txt'
running build
running build_py
creating /home/jungyeon/ros2_ws/build/tunnel_inspection_sim/build
creating /home/jungyeon/ros2_ws/build/tunnel_inspection_sim/build/lib
creating /home/jungyeon/ros2_ws/build/tunnel_inspection_sim/build/lib/tunnel_inspection_sim
copying tunnel_inspection_sim/__init__.py -> /home/jungyeon/ros2_ws/build/tunnel_inspection_sim/build/lib/tunnel_inspection_sim
running install
running install_lib
creating /home/jungyeon/ros2_ws/install/tunnel_inspection_sim/lib/python3.10/site-packages/tunnel_inspection_sim
copying /home/jungyeon/ros2_ws/build/tunnel_inspection_sim/build/lib/tunnel_inspection_sim/__init__.py -> /home/jungyeon/ros2_ws/install/tunnel_inspection_sim/lib/python3.10/site-packages/tunnel_inspection_sim
byte-compiling /home/jungyeon/ros2_ws/install/tunnel_inspection_sim/lib/python3.10/site-packages/tunnel_inspection_sim/__init__.py to __init__.cpython-310.pyc
running install_data
creating /home/jungyeon/ros2_ws/install/tunnel_inspection_sim/share/ament_index
creating /home/jungyeon/ros2_ws/install/tunnel_inspection_sim/share/ament_index/resource_index
creating /home/jungyeon/ros2_ws/install/tunnel_inspection_sim/share/ament_index/resource_index/packages
copying resource/tunnel_inspection_sim -> /home/jungyeon/ros2_ws/install/tunnel_inspection_sim/share/ament_index/resource_index/packages
copying package.xml -> /home/jungyeon/ros2_ws/install/tunnel_inspection_sim/share/tunnel_inspection_sim
creating /home/jungyeon/ros2_ws/install/tunnel_inspection_sim/share/tunnel_inspection_sim/models
creating /home/jungyeon/ros2_ws/install/tunnel_inspection_sim/share/tunnel_inspection_sim/models/tunnel
copying models/tunnel/crack_007.png -> /home/jungyeon/ros2_ws/install/tunnel_inspection_sim/share/tunnel_inspection_sim/models/tunnel
copying models/tunnel/crack_005.png -> /home/jungyeon/ros2_ws/install/tunnel_inspection_sim/share/tunnel_inspection_sim/models/tunnel
copying models/tunnel/crack_009.png -> /home/jungyeon/ros2_ws/install/tunnel_inspection_sim/share/tunnel_inspection_sim/models/tunnel
copying models/tunnel/crack_008.png -> /home/jungyeon/ros2_ws/install/tunnel_inspection_sim/share/tunnel_inspection_sim/models/tunnel
copying models/tunnel/crack_002.png -> /home/jungyeon/ros2_ws/install/tunnel_inspection_sim/share/tunnel_inspection_sim/models/tunnel
copying models/tunnel/crack_004.png -> /home/jungyeon/ros2_ws/install/tunnel_inspection_sim/share/tunnel_inspection_sim/models/tunnel
copying models/tunnel/crack_006.png -> /home/jungyeon/ros2_ws/install/tunnel_inspection_sim/share/tunnel_inspection_sim/models/tunnel
copying models/tunnel/tunnel.bin -> /home/jungyeon/ros2_ws/install/tunnel_inspection_sim/share/tunnel_inspection_sim/models/tunnel
copying models/tunnel/tunnel.mtl -> /home/jungyeon/ros2_ws/install/tunnel_inspection_sim/share/tunnel_inspection_sim/models/tunnel
copying models/tunnel/crack_001.png -> /home/jungyeon/ros2_ws/install/tunnel_inspection_sim/share/tunnel_inspection_sim/models/tunnel
copying models/tunnel/tunnel.gltf -> /home/jungyeon/ros2_ws/install/tunnel_inspection_sim/share/tunnel_inspection_sim/models/tunnel
copying models/tunnel/model.config -> /home/jungyeon/ros2_ws/install/tunnel_inspection_sim/share/tunnel_inspection_sim/models/tunnel
copying models/tunnel/crack_010.png -> /home/jungyeon/ros2_ws/install/tunnel_inspection_sim/share/tunnel_inspection_sim/models/tunnel
copying models/tunnel/crack_003.png -> /home/jungyeon/ros2_ws/install/tunnel_inspection_sim/share/tunnel_inspection_sim/models/tunnel
copying models/tunnel/model.sdf -> /home/jungyeon/ros2_ws/install/tunnel_inspection_sim/share/tunnel_inspection_sim/models/tunnel
copying models/tunnel/tunnel.obj -> /home/jungyeon/ros2_ws/install/tunnel_inspection_sim/share/tunnel_inspection_sim/models/tunnel
creating /home/jungyeon/ros2_ws/install/tunnel_inspection_sim/share/tunnel_inspection_sim/models/tunnel/cracks
copying models/tunnel/cracks/crack_ground_truth.csv -> /home/jungyeon/ros2_ws/install/tunnel_inspection_sim/share/tunnel_inspection_sim/models/tunnel/cracks
creating /home/jungyeon/ros2_ws/install/tunnel_inspection_sim/share/tunnel_inspection_sim/worlds
copying worlds/tunnel_world.sdf -> /home/jungyeon/ros2_ws/install/tunnel_inspection_sim/share/tunnel_inspection_sim/worlds
running install_egg_info
Copying ../../build/tunnel_inspection_sim/tunnel_inspection_sim.egg-info to /home/jungyeon/ros2_ws/install/tunnel_inspection_sim/lib/python3.10/site-packages/tunnel_inspection_sim-0.0.0-py3.10.egg-info
running install_scripts
writing list of installed files to '/home/jungyeon/ros2_ws/build/tunnel_inspection_sim/install.log'
