[1.567s] Invoking command in '/home/jungyeon/ros2_ws/src/tunnel_inspection_sim': PYTHONPATH=/home/jungyeon/ros2_ws/build/tunnel_inspection_sim/prefix_override:/usr/lib/python3/dist-packages/colcon_core/task/python/colcon_distutils_commands:/home/jungyeon/ros2_ws/install/tunnel_inspection_sim/lib/python3.10/site-packages:${PYTHONPATH} /usr/bin/python3 -W ignore:setup.py install is deprecated -W ignore:easy_install command is deprecated setup.py egg_info --egg-base ../../build/tunnel_inspection_sim build --build-base /home/jungyeon/ros2_ws/build/tunnel_inspection_sim/build install --record /home/jungyeon/ros2_ws/build/tunnel_inspection_sim/install.log --single-version-externally-managed install_data
[2.031s] running egg_info
[2.032s] creating ../../build/tunnel_inspection_sim/tunnel_inspection_sim.egg-info
[2.032s] writing ../../build/tunnel_inspection_sim/tunnel_inspection_sim.egg-info/PKG-INFO
[2.034s] writing dependency_links to ../../build/tunnel_inspection_sim/tunnel_inspection_sim.egg-info/dependency_links.txt
[2.034s] writing entry points to ../../build/tunnel_inspection_sim/tunnel_inspection_sim.egg-info/entry_points.txt
[2.035s] writing requirements to ../../build/tunnel_inspection_sim/tunnel_inspection_sim.egg-info/requires.txt
[2.035s] writing top-level names to ../../build/tunnel_inspection_sim/tunnel_inspection_sim.egg-info/top_level.txt
[2.035s] writing manifest file '../../build/tunnel_inspection_sim/tunnel_inspection_sim.egg-info/SOURCES.txt'
[2.037s] reading manifest file '../../build/tunnel_inspection_sim/tunnel_inspection_sim.egg-info/SOURCES.txt'
[2.039s] writing manifest file '../../build/tunnel_inspection_sim/tunnel_inspection_sim.egg-info/SOURCES.txt'
[2.040s] running build
[2.040s] running build_py
[2.041s] creating /home/jungyeon/ros2_ws/build/tunnel_inspection_sim/build
[2.041s] creating /home/jungyeon/ros2_ws/build/tunnel_inspection_sim/build/lib
[2.042s] creating /home/jungyeon/ros2_ws/build/tunnel_inspection_sim/build/lib/tunnel_inspection_sim
[2.042s] copying tunnel_inspection_sim/__init__.py -> /home/jungyeon/ros2_ws/build/tunnel_inspection_sim/build/lib/tunnel_inspection_sim
[2.043s] running install
[2.044s] running install_lib
[2.045s] creating /home/jungyeon/ros2_ws/install/tunnel_inspection_sim/lib/python3.10/site-packages/tunnel_inspection_sim
[2.045s] copying /home/jungyeon/ros2_ws/build/tunnel_inspection_sim/build/lib/tunnel_inspection_sim/__init__.py -> /home/jungyeon/ros2_ws/install/tunnel_inspection_sim/lib/python3.10/site-packages/tunnel_inspection_sim
[2.046s] byte-compiling /home/jungyeon/ros2_ws/install/tunnel_inspection_sim/lib/python3.10/site-packages/tunnel_inspection_sim/__init__.py to __init__.cpython-310.pyc
[2.047s] running install_data
[2.047s] creating /home/jungyeon/ros2_ws/install/tunnel_inspection_sim/share/ament_index
[2.047s] creating /home/jungyeon/ros2_ws/install/tunnel_inspection_sim/share/ament_index/resource_index
[2.047s] creating /home/jungyeon/ros2_ws/install/tunnel_inspection_sim/share/ament_index/resource_index/packages
[2.048s] copying resource/tunnel_inspection_sim -> /home/jungyeon/ros2_ws/install/tunnel_inspection_sim/share/ament_index/resource_index/packages
[2.048s] copying package.xml -> /home/jungyeon/ros2_ws/install/tunnel_inspection_sim/share/tunnel_inspection_sim
[2.048s] creating /home/jungyeon/ros2_ws/install/tunnel_inspection_sim/share/tunnel_inspection_sim/models
[2.048s] creating /home/jungyeon/ros2_ws/install/tunnel_inspection_sim/share/tunnel_inspection_sim/models/tunnel
[2.049s] copying models/tunnel/crack_007.png -> /home/jungyeon/ros2_ws/install/tunnel_inspection_sim/share/tunnel_inspection_sim/models/tunnel
[2.050s] copying models/tunnel/crack_005.png -> /home/jungyeon/ros2_ws/install/tunnel_inspection_sim/share/tunnel_inspection_sim/models/tunnel
[2.050s] copying models/tunnel/crack_009.png -> /home/jungyeon/ros2_ws/install/tunnel_inspection_sim/share/tunnel_inspection_sim/models/tunnel
[2.051s] copying models/tunnel/crack_008.png -> /home/jungyeon/ros2_ws/install/tunnel_inspection_sim/share/tunnel_inspection_sim/models/tunnel
[2.052s] copying models/tunnel/crack_002.png -> /home/jungyeon/ros2_ws/install/tunnel_inspection_sim/share/tunnel_inspection_sim/models/tunnel
[2.053s] copying models/tunnel/crack_004.png -> /home/jungyeon/ros2_ws/install/tunnel_inspection_sim/share/tunnel_inspection_sim/models/tunnel
[2.054s] copying models/tunnel/crack_006.png -> /home/jungyeon/ros2_ws/install/tunnel_inspection_sim/share/tunnel_inspection_sim/models/tunnel
[2.054s] copying models/tunnel/tunnel.bin -> /home/jungyeon/ros2_ws/install/tunnel_inspection_sim/share/tunnel_inspection_sim/models/tunnel
[2.057s] copying models/tunnel/tunnel.mtl -> /home/jungyeon/ros2_ws/install/tunnel_inspection_sim/share/tunnel_inspection_sim/models/tunnel
[2.058s] copying models/tunnel/crack_001.png -> /home/jungyeon/ros2_ws/install/tunnel_inspection_sim/share/tunnel_inspection_sim/models/tunnel
[2.058s] copying models/tunnel/tunnel.gltf -> /home/jungyeon/ros2_ws/install/tunnel_inspection_sim/share/tunnel_inspection_sim/models/tunnel
[2.059s] copying models/tunnel/model.config -> /home/jungyeon/ros2_ws/install/tunnel_inspection_sim/share/tunnel_inspection_sim/models/tunnel
[2.060s] copying models/tunnel/crack_010.png -> /home/jungyeon/ros2_ws/install/tunnel_inspection_sim/share/tunnel_inspection_sim/models/tunnel
[2.061s] copying models/tunnel/crack_003.png -> /home/jungyeon/ros2_ws/install/tunnel_inspection_sim/share/tunnel_inspection_sim/models/tunnel
[2.062s] copying models/tunnel/model.sdf -> /home/jungyeon/ros2_ws/install/tunnel_inspection_sim/share/tunnel_inspection_sim/models/tunnel
[2.063s] copying models/tunnel/tunnel.obj -> /home/jungyeon/ros2_ws/install/tunnel_inspection_sim/share/tunnel_inspection_sim/models/tunnel
[2.065s] creating /home/jungyeon/ros2_ws/install/tunnel_inspection_sim/share/tunnel_inspection_sim/models/tunnel/cracks
[2.066s] copying models/tunnel/cracks/crack_ground_truth.csv -> /home/jungyeon/ros2_ws/install/tunnel_inspection_sim/share/tunnel_inspection_sim/models/tunnel/cracks
[2.066s] creating /home/jungyeon/ros2_ws/install/tunnel_inspection_sim/share/tunnel_inspection_sim/worlds
[2.068s] copying worlds/tunnel_world.sdf -> /home/jungyeon/ros2_ws/install/tunnel_inspection_sim/share/tunnel_inspection_sim/worlds
[2.069s] running install_egg_info
[2.073s] Copying ../../build/tunnel_inspection_sim/tunnel_inspection_sim.egg-info to /home/jungyeon/ros2_ws/install/tunnel_inspection_sim/lib/python3.10/site-packages/tunnel_inspection_sim-0.0.0-py3.10.egg-info
[2.077s] running install_scripts
[2.118s] writing list of installed files to '/home/jungyeon/ros2_ws/build/tunnel_inspection_sim/install.log'
[2.162s] Invoked command in '/home/jungyeon/ros2_ws/src/tunnel_inspection_sim' returned '0': PYTHONPATH=/home/jungyeon/ros2_ws/build/tunnel_inspection_sim/prefix_override:/usr/lib/python3/dist-packages/colcon_core/task/python/colcon_distutils_commands:/home/jungyeon/ros2_ws/install/tunnel_inspection_sim/lib/python3.10/site-packages:${PYTHONPATH} /usr/bin/python3 -W ignore:setup.py install is deprecated -W ignore:easy_install command is deprecated setup.py egg_info --egg-base ../../build/tunnel_inspection_sim build --build-base /home/jungyeon/ros2_ws/build/tunnel_inspection_sim/build install --record /home/jungyeon/ros2_ws/build/tunnel_inspection_sim/install.log --single-version-externally-managed install_data
